<?xml version="1.0" encoding="UTF-8"?>
<!-- Generated by org.testng.reporters.JUnitReportReporter -->
<testsuite skipped="0" hostname="DESKTOP-A308PVU" name="testngframework.Client" tests="4" failures="0" timestamp="30 Aug 2022 16:39:56 GMT" time="0.005" errors="0">
  <testcase name="tc44" time="0.000" classname="testngframework.Client"/>
  <testcase name="tc33" time="0.000" classname="testngframework.Client"/>
  <testcase name="tc11" time="0.003" classname="testngframework.Client"/>
  <testcase name="tc22" time="0.002" classname="testngframework.Client"/>
</testsuite> <!-- testngframework.Client -->
