<?xml version="1.0" encoding="UTF-8"?>
<!-- Generated by org.testng.reporters.JUnitReportReporter -->
<testsuite skipped="0" hostname="DESKTOP-A308PVU" name="testngframework.Employeegrouping" tests="1" failures="0" timestamp="31 Aug 2022 15:55:39 GMT" time="0.010" errors="0">
  <testcase name="tc4" time="0.010" classname="testngframework.Employeegrouping"/>
</testsuite> <!-- testngframework.Employeegrouping -->
