<?xml version="1.0" encoding="UTF-8"?>
<!-- Generated by org.testng.reporters.JUnitReportReporter -->
<testsuite skipped="1" hostname="DESKTOP-A308PVU" name="testngframework.TestNgOrders" tests="8" failures="0" timestamp="30 Aug 2022 16:09:09 GMT" time="0.014" errors="0">
  <testcase name="tc3" time="0.006" classname="testngframework.TestNgOrders"/>
  <testcase name="tc1" time="0.001" classname="testngframework.TestNgOrders"/>
  <testcase name="tc4" time="0.002" classname="testngframework.TestNgOrders"/>
  <testcase name="tc4" time="0.001" classname="testngframework.TestNgOrders"/>
  <testcase name="tc4" time="0.001" classname="testngframework.TestNgOrders"/>
  <testcase name="tc4" time="0.002" classname="testngframework.TestNgOrders"/>
  <testcase name="tc5" time="0.001" classname="testngframework.TestNgOrders"/>
  <testcase name="tc2" classname="testngframework.TestNgOrders">
    <skipped/>
  </testcase> <!-- tc2 -->
</testsuite> <!-- testngframework.TestNgOrders -->
