<?xml version="1.0" encoding="UTF-8"?>
<!-- Generated by org.testng.reporters.JUnitReportReporter -->
<testsuite skipped="0" hostname="DESKTOP-A308PVU" name="testngframework.Clientparallelexecution" tests="4" failures="0" timestamp="01 Sep 2022 10:10:47 GMT" time="0.021" errors="0">
  <testcase name="tc33" time="0.000" classname="testngframework.Clientparallelexecution"/>
  <testcase name="tc11" time="0.021" classname="testngframework.Clientparallelexecution"/>
  <testcase name="tc44" time="0.000" classname="testngframework.Clientparallelexecution"/>
  <testcase name="tc22" time="0.000" classname="testngframework.Clientparallelexecution"/>
</testsuite> <!-- testngframework.Clientparallelexecution -->
