<?xml version="1.0" encoding="UTF-8"?>
<!-- Generated by org.testng.reporters.JUnitReportReporter -->
<testsuite skipped="0" hostname="DESKTOP-A308PVU" name="testngframework.Employee" tests="4" failures="0" timestamp="30 Aug 2022 16:39:56 GMT" time="0.011" errors="0">
  <testcase name="tc1" time="0.010" classname="testngframework.Employee"/>
  <testcase name="tc2" time="0.001" classname="testngframework.Employee"/>
  <testcase name="tc3" time="0.000" classname="testngframework.Employee"/>
  <testcase name="tc4" time="0.000" classname="testngframework.Employee"/>
</testsuite> <!-- testngframework.Employee -->
