<?xml version="1.0" encoding="UTF-8"?>
<!-- Generated by org.testng.reporters.JUnitReportReporter -->
<testsuite skipped="0" hostname="DESKTOP-A308PVU" name="testngframework.TestNgparallelexecution" tests="4" failures="0" timestamp="01 Sep 2022 10:10:47 GMT" time="0.031" errors="0">
  <testcase name="tc3" time="0.010" classname="testngframework.TestNgparallelexecution"/>
  <testcase name="tc2" time="0.000" classname="testngframework.TestNgparallelexecution"/>
  <testcase name="tc4" time="0.000" classname="testngframework.TestNgparallelexecution"/>
  <testcase name="tc1" time="0.021" classname="testngframework.TestNgparallelexecution"/>
</testsuite> <!-- testngframework.TestNgparallelexecution -->
