<?xml version="1.0" encoding="UTF-8"?>
<!-- Generated by org.testng.reporters.JUnitReportReporter -->
<testsuite skipped="0" hostname="DESKTOP-A308PVU" name="testngframework.Clienttestlevelexecution" tests="3" failures="0" timestamp="01 Sep 2022 11:08:00 GMT" time="25.135" errors="0">
  <testcase name="tc2" time="8.467" classname="testngframework.Clienttestlevelexecution"/>
  <testcase name="tc2" time="6.863" classname="testngframework.Clienttestlevelexecution"/>
  <testcase name="tc2" time="9.805" classname="testngframework.Clienttestlevelexecution"/>
</testsuite> <!-- testngframework.Clienttestlevelexecution -->
