<?xml version="1.0" encoding="UTF-8"?>
<!-- Generated by org.testng.reporters.JUnitReportReporter -->
<testsuite skipped="0" hostname="DESKTOP-A308PVU" name="testngframework.Clientgrouping" tests="1" failures="0" timestamp="31 Aug 2022 15:55:02 GMT" time="0.015" errors="0">
  <testcase name="tc22" time="0.015" classname="testngframework.Clientgrouping"/>
</testsuite> <!-- testngframework.Clientgrouping -->
